<?xml version="1.0" encoding="UTF-8"?>
<!-- Generated by org.testng.reporters.JUnitXMLReporter -->
<testsuite ignored="0" hostname="dnid0006l01.local" failures="3" tests="22" name="SigmaCardAPITestAdminManagement" time="5.998" errors="0" timestamp="18 May 2020 04:04:24 GMT">
  <testcase classname="testCases.AdminManagement.TC_001_Get_All_Users" name="assertEmptyResponseBody" time="0.002"/>
  <testcase classname="testCases.AdminManagement.TC_001_Get_All_Users" name="assertResponseTime" time="0.001"/>
  <testcase classname="testCases.AdminManagement.TC_001_Get_All_Users" name="assertStatusCode" time="0.001"/>
  <testcase classname="testCases.AdminManagement.TC_001_Get_All_Users" name="assertStatusLine" time="0.0"/>
  <testcase classname="testCases.AdminManagement.TC_001_Get_All_Users" name="checkResultAsExpected" time="0.0"/>
  <testcase classname="testCases.AdminManagement.TC_003_Delete_User" name="assertEmptyResponseBody" time="0.016"/>
  <testcase classname="testCases.AdminManagement.TC_003_Delete_User" name="assertResponseTime" time="0.001"/>
  <testcase classname="testCases.AdminManagement.TC_003_Delete_User" name="assertStatusCode" time="0.002">
    <failure type="java.lang.AssertionError" message="expected:&amp;lt;500&amp;gt; but was:&amp;lt;200&amp;gt;">
      <![CDATA[java.lang.AssertionError: expected:<500> but was:<200>
at org.junit.Assert.fail(Assert.java:88)
at org.junit.Assert.failNotEquals(Assert.java:743)
at org.junit.Assert.assertEquals(Assert.java:118)
at org.junit.Assert.assertEquals(Assert.java:555)
at org.junit.Assert.assertEquals(Assert.java:542)
at base.TestBase.checkStatusCode(TestBase.java:172)
at testCases.AdminManagement.TC_003_Delete_User.assertStatusCode(TC_003_Delete_User.java:43)
... Removed 25 stack frames]]>
    </failure>
  </testcase> <!-- assertStatusCode -->
  <testcase classname="testCases.AdminManagement.TC_003_Delete_User" name="assertStatusLine" time="0.002">
    <failure type="org.junit.ComparisonFailure" message="expected:&amp;lt;HTTP/1.1 [5]00 &amp;gt; but was:&amp;lt;HTTP/1.1 [2]00 &amp;gt;">
      <![CDATA[org.junit.ComparisonFailure: expected:<HTTP/1.1 [5]00 > but was:<HTTP/1.1 [2]00 >
at org.junit.Assert.assertEquals(Assert.java:115)
at org.junit.Assert.assertEquals(Assert.java:144)
at base.TestBase.checkStatusLine(TestBase.java:190)
at testCases.AdminManagement.TC_003_Delete_User.assertStatusLine(TC_003_Delete_User.java:57)
... Removed 25 stack frames]]>
    </failure>
  </testcase> <!-- assertStatusLine -->
  <testcase classname="testCases.AdminManagement.TC_003_Delete_User" name="checkResultAsExpected" time="0.0">
    <failure type="org.junit.ComparisonFailure" message="expected:&amp;lt;[success]&amp;gt; but was:&amp;lt;[{&amp;quot;timestamp&amp;quot;:&amp;quot;2020-05-18T04:04:21.641+0000&amp;quot;,&amp;quot;status&amp;quot;:500,&amp;quot;error&amp;quot;:&amp;quot;Internal Server Error&amp;quot;,&amp;quot;message&amp;quot;:&amp;quot;Entity must not be null!; nested exception is java.lang.IllegalArgumentException: Entity must not be null!&amp;quot;,&amp;quot;path&amp;quot;:&amp;quot;/joya1234gmail.com&amp;quot;}]&amp;gt;">
      <![CDATA[org.junit.ComparisonFailure: expected:<[success]> but was:<[{"timestamp":"2020-05-18T04:04:21.641+0000","status":500,"error":"Internal Server Error","message":"Entity must not be null!; nested exception is java.lang.IllegalArgumentException: Entity must not be null!","path":"/joya1234gmail.com"}]>
at org.junit.Assert.assertEquals(Assert.java:115)
at org.junit.Assert.assertEquals(Assert.java:144)
at testCases.AdminManagement.TC_003_Delete_User.checkResultAsExpected(TC_003_Delete_User.java:36)
... Removed 25 stack frames]]>
    </failure>
  </testcase> <!-- checkResultAsExpected -->
  <testcase classname="testCases.AdminManagement.TC_002_Update_User" name="updateUser" time="1.479"/>
  <testcase classname="testCases.AdminManagement.TC_002_Update_User" name="assertEmptyResponseBody" time="0.012"/>
  <testcase classname="testCases.AdminManagement.TC_002_Update_User" name="assertResponseTime" time="0.001"/>
  <testcase classname="testCases.AdminManagement.TC_002_Update_User" name="assertStatusCode" time="0.001"/>
  <testcase classname="testCases.AdminManagement.TC_002_Update_User" name="assertStatusLine" time="0.0"/>
  <testcase classname="testCases.AdminManagement.TC_002_Update_User" name="checkResultAsExpected" time="0.024"/>
  <testcase classname="testCases.AdminManagement.TC_002_Update_User" name="updateUser" time="1.375"/>
  <testcase classname="testCases.AdminManagement.TC_002_Update_User" name="assertEmptyResponseBody" time="0.012"/>
  <testcase classname="testCases.AdminManagement.TC_002_Update_User" name="assertResponseTime" time="0.001"/>
  <testcase classname="testCases.AdminManagement.TC_002_Update_User" name="assertStatusCode" time="0.0"/>
  <testcase classname="testCases.AdminManagement.TC_002_Update_User" name="assertStatusLine" time="0.0"/>
  <testcase classname="testCases.AdminManagement.TC_002_Update_User" name="checkResultAsExpected" time="0.031"/>
</testsuite> <!-- SigmaCardAPITestAdminManagement -->
