<?xml version="1.0" encoding="UTF-8"?>
<!-- Generated by org.testng.reporters.JUnitXMLReporter -->
<testsuite ignored="0" hostname="dnid0006l01.local" failures="32" tests="56" name="SigmaCardAPITestRegister" time="18.115" errors="0" timestamp="19 May 2020 02:14:53 GMT">
  <testcase classname="testCases.Register.TC_002_Verification_OTP" name="assertEmptyResponseBody" time="0.012"/>
  <testcase classname="testCases.Register.TC_002_Verification_OTP" name="assertResponseTime" time="0.002"/>
  <testcase classname="testCases.Register.TC_002_Verification_OTP" name="assertStatusCode" time="0.001">
    <failure type="java.lang.AssertionError" message="expected:&amp;lt;409&amp;gt; but was:&amp;lt;200&amp;gt;">
      <![CDATA[java.lang.AssertionError: expected:<409> but was:<200>
at org.junit.Assert.fail(Assert.java:88)
at org.junit.Assert.failNotEquals(Assert.java:743)
at org.junit.Assert.assertEquals(Assert.java:118)
at org.junit.Assert.assertEquals(Assert.java:555)
at org.junit.Assert.assertEquals(Assert.java:542)
at base.TestBase.checkStatusCode(TestBase.java:172)
at testCases.Register.TC_002_Verification_OTP.assertStatusCode(TC_002_Verification_OTP.java:48)
... Removed 25 stack frames]]>
    </failure>
  </testcase> <!-- assertStatusCode -->
  <testcase classname="testCases.Register.TC_002_Verification_OTP" name="assertStatusLine" time="0.002">
    <failure type="org.junit.ComparisonFailure" message="expected:&amp;lt;HTTP/1.1 [409] &amp;gt; but was:&amp;lt;HTTP/1.1 [200] &amp;gt;">
      <![CDATA[org.junit.ComparisonFailure: expected:<HTTP/1.1 [409] > but was:<HTTP/1.1 [200] >
at org.junit.Assert.assertEquals(Assert.java:115)
at org.junit.Assert.assertEquals(Assert.java:144)
at base.TestBase.checkStatusLine(TestBase.java:190)
at testCases.Register.TC_002_Verification_OTP.assertStatusLine(TC_002_Verification_OTP.java:62)
... Removed 25 stack frames]]>
    </failure>
  </testcase> <!-- assertStatusLine -->
  <testcase classname="testCases.Register.TC_003_Verification_Code" name="assertEmptyResponseBody" time="0.002"/>
  <testcase classname="testCases.Register.TC_003_Verification_Code" name="assertResponseTime" time="0.001"/>
  <testcase classname="testCases.Register.TC_003_Verification_Code" name="assertStatusCode" time="0.003"/>
  <testcase classname="testCases.Register.TC_003_Verification_Code" name="assertStatusLine" time="0.002"/>
  <testcase classname="testCases.Register.TC_005_Update_Password" name="assertEmptyResponseBody" time="0.003"/>
  <testcase classname="testCases.Register.TC_005_Update_Password" name="assertResponseTime" time="0.002"/>
  <testcase classname="testCases.Register.TC_005_Update_Password" name="assertStatusCode" time="0.002">
    <failure type="java.lang.AssertionError" message="expected:&amp;lt;415&amp;gt; but was:&amp;lt;200&amp;gt;">
      <![CDATA[java.lang.AssertionError: expected:<415> but was:<200>
at org.junit.Assert.fail(Assert.java:88)
at org.junit.Assert.failNotEquals(Assert.java:743)
at org.junit.Assert.assertEquals(Assert.java:118)
at org.junit.Assert.assertEquals(Assert.java:555)
at org.junit.Assert.assertEquals(Assert.java:542)
at base.TestBase.checkStatusCode(TestBase.java:172)
at testCases.Register.TC_005_Update_Password.assertStatusCode(TC_005_Update_Password.java:50)
... Removed 25 stack frames]]>
    </failure>
  </testcase> <!-- assertStatusCode -->
  <testcase classname="testCases.Register.TC_005_Update_Password" name="assertStatusLine" time="0.001">
    <failure type="org.junit.ComparisonFailure" message="expected:&amp;lt;HTTP/1.1 [415] &amp;gt; but was:&amp;lt;HTTP/1.1 [200] &amp;gt;">
      <![CDATA[org.junit.ComparisonFailure: expected:<HTTP/1.1 [415] > but was:<HTTP/1.1 [200] >
at org.junit.Assert.assertEquals(Assert.java:115)
at org.junit.Assert.assertEquals(Assert.java:144)
at base.TestBase.checkStatusLine(TestBase.java:190)
at testCases.Register.TC_005_Update_Password.assertStatusLine(TC_005_Update_Password.java:64)
... Removed 25 stack frames]]>
    </failure>
  </testcase> <!-- assertStatusLine -->
  <testcase classname="testCases.Register.TC_005_Update_Password" name="checkPasswordValid" time="0.24">
    <failure type="java.lang.NullPointerException">
      <![CDATA[java.lang.NullPointerException
at java.base/java.util.regex.Matcher.getTextLength(Matcher.java:1770)
at java.base/java.util.regex.Matcher.reset(Matcher.java:416)
at java.base/java.util.regex.Matcher.<init>(Matcher.java:253)
at java.base/java.util.regex.Pattern.matcher(Pattern.java:1135)
at testCases.Register.TC_005_Update_Password.checkPasswordValid(TC_005_Update_Password.java:77)
... Removed 25 stack frames]]>
    </failure>
  </testcase> <!-- checkPasswordValid -->
  <testcase classname="testCases.Register.TC_006_Profile" name="assertEmptyResponseBody" time="0.002"/>
  <testcase classname="testCases.Register.TC_006_Profile" name="assertResponseTime" time="0.001"/>
  <testcase classname="testCases.Register.TC_006_Profile" name="assertStatusCode" time="0.001"/>
  <testcase classname="testCases.Register.TC_006_Profile" name="assertStatusLine" time="0.002"/>
  <testcase classname="testCases.Register.TC_001_Register" name="assertEmptyResponseBody" time="0.019"/>
  <testcase classname="testCases.Register.TC_001_Register" name="assertResponseTime" time="0.002"/>
  <testcase classname="testCases.Register.TC_001_Register" name="assertStatusCode" time="0.002">
    <failure type="java.lang.AssertionError" message="expected:&amp;lt;400&amp;gt; but was:&amp;lt;200&amp;gt;">
      <![CDATA[java.lang.AssertionError: expected:<400> but was:<200>
at org.junit.Assert.fail(Assert.java:88)
at org.junit.Assert.failNotEquals(Assert.java:743)
at org.junit.Assert.assertEquals(Assert.java:118)
at org.junit.Assert.assertEquals(Assert.java:555)
at org.junit.Assert.assertEquals(Assert.java:542)
at base.TestBase.checkStatusCode(TestBase.java:172)
at testCases.Register.TC_001_Register.assertStatusCode(TC_001_Register.java:64)
... Removed 25 stack frames]]>
    </failure>
  </testcase> <!-- assertStatusCode -->
  <testcase classname="testCases.Register.TC_001_Register" name="assertStatusLine" time="0.002">
    <failure type="org.junit.ComparisonFailure" message="expected:&amp;lt;HTTP/1.1 [4]00 &amp;gt; but was:&amp;lt;HTTP/1.1 [2]00 &amp;gt;">
      <![CDATA[org.junit.ComparisonFailure: expected:<HTTP/1.1 [4]00 > but was:<HTTP/1.1 [2]00 >
at org.junit.Assert.assertEquals(Assert.java:115)
at org.junit.Assert.assertEquals(Assert.java:144)
at base.TestBase.checkStatusLine(TestBase.java:190)
at testCases.Register.TC_001_Register.assertStatusLine(TC_001_Register.java:78)
... Removed 25 stack frames]]>
    </failure>
  </testcase> <!-- assertStatusLine -->
  <testcase classname="testCases.Register.TC_001_Register" name="checkAccountElement" time="0.008">
    <failure type="java.lang.NullPointerException">
      <![CDATA[java.lang.NullPointerException
at testCases.Register.TC_001_Register.checkAccountElement(TC_001_Register.java:85)
... Removed 25 stack frames]]>
    </failure>
  </testcase> <!-- checkAccountElement -->
  <testcase classname="testCases.Register.TC_001_Register" name="checkEmailValid" time="0.007">
    <failure type="java.lang.NullPointerException">
      <![CDATA[java.lang.NullPointerException
at java.base/java.util.regex.Matcher.getTextLength(Matcher.java:1770)
at java.base/java.util.regex.Matcher.reset(Matcher.java:416)
at java.base/java.util.regex.Matcher.<init>(Matcher.java:253)
at java.base/java.util.regex.Pattern.matcher(Pattern.java:1135)
at testCases.Register.TC_001_Register.checkEmailValid(TC_001_Register.java:124)
... Removed 25 stack frames]]>
    </failure>
  </testcase> <!-- checkEmailValid -->
  <testcase classname="testCases.Register.TC_001_Register" name="checkPasswordValid" time="0.008">
    <failure type="java.lang.NullPointerException">
      <![CDATA[java.lang.NullPointerException
at java.base/java.util.regex.Matcher.getTextLength(Matcher.java:1770)
at java.base/java.util.regex.Matcher.reset(Matcher.java:416)
at java.base/java.util.regex.Matcher.<init>(Matcher.java:253)
at java.base/java.util.regex.Pattern.matcher(Pattern.java:1135)
at testCases.Register.TC_001_Register.checkPasswordValid(TC_001_Register.java:106)
... Removed 25 stack frames]]>
    </failure>
  </testcase> <!-- checkPasswordValid -->
  <testcase classname="testCases.Register.TC_001_Register" name="checkPhoneNumber" time="0.008">
    <failure type="java.lang.NullPointerException">
      <![CDATA[java.lang.NullPointerException
at java.base/java.util.regex.Matcher.getTextLength(Matcher.java:1770)
at java.base/java.util.regex.Matcher.reset(Matcher.java:416)
at java.base/java.util.regex.Matcher.<init>(Matcher.java:253)
at java.base/java.util.regex.Pattern.matcher(Pattern.java:1135)
at testCases.Register.TC_001_Register.checkPhoneNumber(TC_001_Register.java:158)
... Removed 25 stack frames]]>
    </failure>
  </testcase> <!-- checkPhoneNumber -->
  <testcase classname="testCases.Register.TC_001_Register" name="checkUsernameValid" time="0.007">
    <failure type="java.lang.NullPointerException">
      <![CDATA[java.lang.NullPointerException
at java.base/java.util.regex.Matcher.getTextLength(Matcher.java:1770)
at java.base/java.util.regex.Matcher.reset(Matcher.java:416)
at java.base/java.util.regex.Matcher.<init>(Matcher.java:253)
at java.base/java.util.regex.Pattern.matcher(Pattern.java:1135)
at testCases.Register.TC_001_Register.checkUsernameValid(TC_001_Register.java:141)
... Removed 25 stack frames]]>
    </failure>
  </testcase> <!-- checkUsernameValid -->
  <testcase classname="testCases.Register.TC_001_Register" name="assertEmptyResponseBody" time="0.002"/>
  <testcase classname="testCases.Register.TC_001_Register" name="assertResponseTime" time="0.001"/>
  <testcase classname="testCases.Register.TC_001_Register" name="assertStatusCode" time="0.001">
    <failure type="java.lang.AssertionError" message="expected:&amp;lt;201&amp;gt; but was:&amp;lt;200&amp;gt;">
      <![CDATA[java.lang.AssertionError: expected:<201> but was:<200>
at org.junit.Assert.fail(Assert.java:88)
at org.junit.Assert.failNotEquals(Assert.java:743)
at org.junit.Assert.assertEquals(Assert.java:118)
at org.junit.Assert.assertEquals(Assert.java:555)
at org.junit.Assert.assertEquals(Assert.java:542)
at base.TestBase.checkStatusCode(TestBase.java:172)
at testCases.Register.TC_001_Register.assertStatusCode(TC_001_Register.java:64)
... Removed 25 stack frames]]>
    </failure>
  </testcase> <!-- assertStatusCode -->
  <testcase classname="testCases.Register.TC_001_Register" name="assertStatusLine" time="0.002">
    <failure type="org.junit.ComparisonFailure" message="expected:&amp;lt;HTTP/1.1 20[1] &amp;gt; but was:&amp;lt;HTTP/1.1 20[0] &amp;gt;">
      <![CDATA[org.junit.ComparisonFailure: expected:<HTTP/1.1 20[1] > but was:<HTTP/1.1 20[0] >
at org.junit.Assert.assertEquals(Assert.java:115)
at org.junit.Assert.assertEquals(Assert.java:144)
at base.TestBase.checkStatusLine(TestBase.java:190)
at testCases.Register.TC_001_Register.assertStatusLine(TC_001_Register.java:78)
... Removed 25 stack frames]]>
    </failure>
  </testcase> <!-- assertStatusLine -->
  <testcase classname="testCases.Register.TC_001_Register" name="checkAccountElement" time="0.007">
    <failure type="java.lang.NullPointerException">
      <![CDATA[java.lang.NullPointerException
at testCases.Register.TC_001_Register.checkAccountElement(TC_001_Register.java:85)
... Removed 25 stack frames]]>
    </failure>
  </testcase> <!-- checkAccountElement -->
  <testcase classname="testCases.Register.TC_001_Register" name="checkEmailValid" time="0.006">
    <failure type="java.lang.NullPointerException">
      <![CDATA[java.lang.NullPointerException
]]>
    </failure>
  </testcase> <!-- checkEmailValid -->
  <testcase classname="testCases.Register.TC_001_Register" name="checkPasswordValid" time="0.007">
    <failure type="java.lang.NullPointerException">
      <![CDATA[java.lang.NullPointerException
]]>
    </failure>
  </testcase> <!-- checkPasswordValid -->
  <testcase classname="testCases.Register.TC_001_Register" name="checkPhoneNumber" time="0.006">
    <failure type="java.lang.NullPointerException">
      <![CDATA[java.lang.NullPointerException
]]>
    </failure>
  </testcase> <!-- checkPhoneNumber -->
  <testcase classname="testCases.Register.TC_001_Register" name="checkUsernameValid" time="0.006">
    <failure type="java.lang.NullPointerException">
      <![CDATA[java.lang.NullPointerException
]]>
    </failure>
  </testcase> <!-- checkUsernameValid -->
  <testcase classname="testCases.Register.TC_001_Register" name="assertEmptyResponseBody" time="0.002"/>
  <testcase classname="testCases.Register.TC_001_Register" name="assertResponseTime" time="0.001"/>
  <testcase classname="testCases.Register.TC_001_Register" name="assertStatusCode" time="0.002">
    <failure type="java.lang.AssertionError" message="expected:&amp;lt;400&amp;gt; but was:&amp;lt;200&amp;gt;">
      <![CDATA[java.lang.AssertionError: expected:<400> but was:<200>
at org.junit.Assert.fail(Assert.java:88)
at org.junit.Assert.failNotEquals(Assert.java:743)
at org.junit.Assert.assertEquals(Assert.java:118)
at org.junit.Assert.assertEquals(Assert.java:555)
at org.junit.Assert.assertEquals(Assert.java:542)
at base.TestBase.checkStatusCode(TestBase.java:172)
at testCases.Register.TC_001_Register.assertStatusCode(TC_001_Register.java:64)
... Removed 25 stack frames]]>
    </failure>
  </testcase> <!-- assertStatusCode -->
  <testcase classname="testCases.Register.TC_001_Register" name="assertStatusLine" time="0.001">
    <failure type="org.junit.ComparisonFailure" message="expected:&amp;lt;HTTP/1.1 [4]00 &amp;gt; but was:&amp;lt;HTTP/1.1 [2]00 &amp;gt;">
      <![CDATA[org.junit.ComparisonFailure: expected:<HTTP/1.1 [4]00 > but was:<HTTP/1.1 [2]00 >
at org.junit.Assert.assertEquals(Assert.java:115)
at org.junit.Assert.assertEquals(Assert.java:144)
at base.TestBase.checkStatusLine(TestBase.java:190)
at testCases.Register.TC_001_Register.assertStatusLine(TC_001_Register.java:78)
... Removed 25 stack frames]]>
    </failure>
  </testcase> <!-- assertStatusLine -->
  <testcase classname="testCases.Register.TC_001_Register" name="checkAccountElement" time="0.007">
    <failure type="java.lang.NullPointerException">
      <![CDATA[java.lang.NullPointerException
at testCases.Register.TC_001_Register.checkAccountElement(TC_001_Register.java:85)
... Removed 25 stack frames]]>
    </failure>
  </testcase> <!-- checkAccountElement -->
  <testcase classname="testCases.Register.TC_001_Register" name="checkEmailValid" time="0.007">
    <failure type="java.lang.NullPointerException">
      <![CDATA[java.lang.NullPointerException
]]>
    </failure>
  </testcase> <!-- checkEmailValid -->
  <testcase classname="testCases.Register.TC_001_Register" name="checkPasswordValid" time="0.007">
    <failure type="java.lang.NullPointerException">
      <![CDATA[java.lang.NullPointerException
]]>
    </failure>
  </testcase> <!-- checkPasswordValid -->
  <testcase classname="testCases.Register.TC_001_Register" name="checkPhoneNumber" time="0.007">
    <failure type="java.lang.NullPointerException">
      <![CDATA[java.lang.NullPointerException
]]>
    </failure>
  </testcase> <!-- checkPhoneNumber -->
  <testcase classname="testCases.Register.TC_001_Register" name="checkUsernameValid" time="0.008">
    <failure type="java.lang.NullPointerException">
      <![CDATA[java.lang.NullPointerException
]]>
    </failure>
  </testcase> <!-- checkUsernameValid -->
  <testcase classname="testCases.Register.TC_004_Login" name="assertEmptyResponseBody" time="0.024"/>
  <testcase classname="testCases.Register.TC_004_Login" name="assertResponseTime" time="0.001"/>
  <testcase classname="testCases.Register.TC_004_Login" name="assertStatusCode" time="0.002">
    <failure type="java.lang.AssertionError" message="expected:&amp;lt;400&amp;gt; but was:&amp;lt;200&amp;gt;">
      <![CDATA[java.lang.AssertionError: expected:<400> but was:<200>
at org.junit.Assert.fail(Assert.java:88)
at org.junit.Assert.failNotEquals(Assert.java:743)
at org.junit.Assert.assertEquals(Assert.java:118)
at org.junit.Assert.assertEquals(Assert.java:555)
at org.junit.Assert.assertEquals(Assert.java:542)
at base.TestBase.checkStatusCode(TestBase.java:172)
at testCases.Register.TC_004_Login.assertStatusCode(TC_004_Login.java:53)
... Removed 25 stack frames]]>
    </failure>
  </testcase> <!-- assertStatusCode -->
  <testcase classname="testCases.Register.TC_004_Login" name="assertStatusLine" time="0.001">
    <failure type="org.junit.ComparisonFailure" message="expected:&amp;lt;HTTP/1.1 [4]00 &amp;gt; but was:&amp;lt;HTTP/1.1 [2]00 &amp;gt;">
      <![CDATA[org.junit.ComparisonFailure: expected:<HTTP/1.1 [4]00 > but was:<HTTP/1.1 [2]00 >
at org.junit.Assert.assertEquals(Assert.java:115)
at org.junit.Assert.assertEquals(Assert.java:144)
at base.TestBase.checkStatusLine(TestBase.java:190)
at testCases.Register.TC_004_Login.assertStatusLine(TC_004_Login.java:67)
... Removed 25 stack frames]]>
    </failure>
  </testcase> <!-- assertStatusLine -->
  <testcase classname="testCases.Register.TC_004_Login" name="assertEmptyResponseBody" time="0.002"/>
  <testcase classname="testCases.Register.TC_004_Login" name="assertResponseTime" time="0.001"/>
  <testcase classname="testCases.Register.TC_004_Login" name="assertStatusCode" time="0.0">
    <failure type="java.lang.AssertionError" message="expected:&amp;lt;202&amp;gt; but was:&amp;lt;200&amp;gt;">
      <![CDATA[java.lang.AssertionError: expected:<202> but was:<200>
at org.junit.Assert.fail(Assert.java:88)
at org.junit.Assert.failNotEquals(Assert.java:743)
at org.junit.Assert.assertEquals(Assert.java:118)
at org.junit.Assert.assertEquals(Assert.java:555)
at org.junit.Assert.assertEquals(Assert.java:542)
at base.TestBase.checkStatusCode(TestBase.java:172)
at testCases.Register.TC_004_Login.assertStatusCode(TC_004_Login.java:53)
... Removed 25 stack frames]]>
    </failure>
  </testcase> <!-- assertStatusCode -->
  <testcase classname="testCases.Register.TC_004_Login" name="assertStatusLine" time="0.001">
    <failure type="org.junit.ComparisonFailure" message="expected:&amp;lt;HTTP/1.1 20[2] &amp;gt; but was:&amp;lt;HTTP/1.1 20[0] &amp;gt;">
      <![CDATA[org.junit.ComparisonFailure: expected:<HTTP/1.1 20[2] > but was:<HTTP/1.1 20[0] >
at org.junit.Assert.assertEquals(Assert.java:115)
at org.junit.Assert.assertEquals(Assert.java:144)
at base.TestBase.checkStatusLine(TestBase.java:190)
at testCases.Register.TC_004_Login.assertStatusLine(TC_004_Login.java:67)
... Removed 25 stack frames]]>
    </failure>
  </testcase> <!-- assertStatusLine -->
  <testcase classname="testCases.Register.TC_004_Login" name="assertEmptyResponseBody" time="0.013"/>
  <testcase classname="testCases.Register.TC_004_Login" name="assertResponseTime" time="0.001"/>
  <testcase classname="testCases.Register.TC_004_Login" name="assertStatusCode" time="0.001">
    <failure type="java.lang.AssertionError" message="expected:&amp;lt;203&amp;gt; but was:&amp;lt;200&amp;gt;">
      <![CDATA[java.lang.AssertionError: expected:<203> but was:<200>
at org.junit.Assert.fail(Assert.java:88)
at org.junit.Assert.failNotEquals(Assert.java:743)
at org.junit.Assert.assertEquals(Assert.java:118)
at org.junit.Assert.assertEquals(Assert.java:555)
at org.junit.Assert.assertEquals(Assert.java:542)
at base.TestBase.checkStatusCode(TestBase.java:172)
at testCases.Register.TC_004_Login.assertStatusCode(TC_004_Login.java:53)
... Removed 25 stack frames]]>
    </failure>
  </testcase> <!-- assertStatusCode -->
  <testcase classname="testCases.Register.TC_004_Login" name="assertStatusLine" time="0.001">
    <failure type="org.junit.ComparisonFailure" message="expected:&amp;lt;HTTP/1.1 20[3] &amp;gt; but was:&amp;lt;HTTP/1.1 20[0] &amp;gt;">
      <![CDATA[org.junit.ComparisonFailure: expected:<HTTP/1.1 20[3] > but was:<HTTP/1.1 20[0] >
at org.junit.Assert.assertEquals(Assert.java:115)
at org.junit.Assert.assertEquals(Assert.java:144)
at base.TestBase.checkStatusLine(TestBase.java:190)
at testCases.Register.TC_004_Login.assertStatusLine(TC_004_Login.java:67)
... Removed 25 stack frames]]>
    </failure>
  </testcase> <!-- assertStatusLine -->
</testsuite> <!-- SigmaCardAPITestRegister -->
